<?xml version="1.0" encoding="UTF-8"?>
<testsuite name="ann.blin.api.ApiTests" tests="6" skipped="0" failures="0" errors="0" timestamp="2022-02-07T13:50:34" hostname="DESKTOP-KU819J5" time="6.427">
  <properties/>
  <testcase name="unsuccessLogin()" classname="ann.blin.api.ApiTests" time="4.115"/>
  <testcase name="create()" classname="ann.blin.api.ApiTests" time="0.676"/>
  <testcase name="successLoginWith()" classname="ann.blin.api.ApiTests" time="0.326"/>
  <testcase name="unsuccessRegistration()" classname="ann.blin.api.ApiTests" time="0.39"/>
  <testcase name="singleUserNotFound()" classname="ann.blin.api.ApiTests" time="0.318"/>
  <testcase name="successRegistration()" classname="ann.blin.api.ApiTests" time="0.581"/>
  <system-out><![CDATA[]]></system-out>
  <system-err><![CDATA[]]></system-err>
</testsuite>
